Network Configuration:
batch_size: 32
hidden_layer_structure: [200]
learning_rate: 0.01
keep_prob: 0.5
rnn_cell: <class 'tensorflow.python.ops.rnn_cell_impl.LSTMCell'>
lambda_w1: 0.0
lambda_w2: 0.0
lambda_o: 0.0
Num of problems: 1377
Num of run: 5
Max num of run: 500
Keep Prob: 0.5
Epoch    1, Train AUC: 0.79624, Train Loss: 0.54621
Epoch    1, Test AUC: 0.81152, Test AUC Curr: 0.81386, Test Loss: 0.5324*
w_l1: 0.025445885205666072, w_l2: 0.047951397897966014
m1: -0.027830962800875273, m2: -0.004519683614585149. Saving the model
time used for this epoch: 90.95212173461914s
***********
Epoch    2, Train AUC: 0.83547, Train Loss: 0.50023
Epoch    2, Test AUC: 0.82423, Test AUC Curr: 0.84924, Test Loss: 0.51493*
w_l1: 0.03169138913710914, w_l2: 0.05256457615845673
m1: 0.005926331145149526, m2: -0.0028436667524294468. Saving the model
time used for this epoch: 89.91825294494629s
***********
Epoch    3, Train AUC: 0.84758, Train Loss: 0.48282
Epoch    3, Test AUC: 0.83009, Test AUC Curr: 0.87198, Test Loss: 0.50802*
w_l1: 0.03593602126913359, w_l2: 0.057101467061264934
m1: 0.05411196207148067, m2: 0.006049143657887139. Saving the model
time used for this epoch: 91.02078557014465s
***********
Epoch    4, Train AUC: 0.85703, Train Loss: 0.4704
Epoch    4, Test AUC: 0.83256, Test AUC Curr: 0.89283, Test Loss: 0.50557*
w_l1: 0.047687653776513926, w_l2: 0.0705247142349094
m1: 0.11127826404084609, m2: 0.016575761782012224. Saving the model
time used for this epoch: 94.94026017189026s
***********
Epoch    5, Train AUC: 0.86695, Train Loss: 0.45363
Epoch    5, Test AUC: 0.8365, Test AUC Curr: 0.90405, Test Loss: 0.50305*
w_l1: 0.06066310963058754, w_l2: 0.08668154060769873
m1: 0.14307530999270604, m2: 0.025362525099275713. Saving the model
time used for this epoch: 90.66008973121643s
***********
Epoch    6, Train AUC: 0.87561, Train Loss: 0.44164
Epoch    6, Test AUC: 0.83835, Test AUC Curr: 0.91228, Test Loss: 0.50424*
w_l1: 0.06767618022916734, w_l2: 0.09613832717127593
m1: 0.17181801604668126, m2: 0.03346193254599925. Saving the model
time used for this epoch: 94.3656439781189s
***********
Epoch    7, Train AUC: 0.88443, Train Loss: 0.42524
Epoch    7, Test AUC: 0.8366, Test AUC Curr: 0.91335, Test Loss: 0.50927
time used for this epoch: 62.83090400695801s
***********
Epoch    8, Train AUC: 0.89241, Train Loss: 0.4118
Epoch    8, Test AUC: 0.83549, Test AUC Curr: 0.91389, Test Loss: 0.51827
time used for this epoch: 64.64827251434326s
***********
Epoch    9, Train AUC: 0.90076, Train Loss: 0.39826
Epoch    9, Test AUC: 0.83229, Test AUC Curr: 0.91035, Test Loss: 0.52815
time used for this epoch: 66.20950293540955s
***********
Epoch   10, Train AUC: 0.90874, Train Loss: 0.38159
Epoch   10, Test AUC: 0.82907, Test AUC Curr: 0.90661, Test Loss: 0.53906
time used for this epoch: 68.17489194869995s
***********
Epoch   11, Train AUC: 0.91432, Train Loss: 0.37155
Epoch   11, Test AUC: 0.82957, Test AUC Curr: 0.9041, Test Loss: 0.54531
time used for this epoch: 69.56919145584106s
***********
Epoch   12, Train AUC: 0.91677, Train Loss: 0.36636
Epoch   12, Test AUC: 0.82754, Test AUC Curr: 0.90272, Test Loss: 0.53824
time used for this epoch: 63.51603722572327s
***********
Epoch   13, Train AUC: 0.91098, Train Loss: 0.37619
Epoch   13, Test AUC: 0.82784, Test AUC Curr: 0.90345, Test Loss: 0.54769
time used for this epoch: 66.38161110877991s
***********
Epoch   14, Train AUC: 0.8306, Train Loss: 0.54249
Epoch   14, Test AUC: 0.81212, Test AUC Curr: 0.85708, Test Loss: 0.55063
time used for this epoch: 63.29509782791138s
***********
Epoch   15, Train AUC: 0.8514, Train Loss: 0.48147
Epoch   15, Test AUC: 0.8186, Test AUC Curr: 0.86558, Test Loss: 0.53876
time used for this epoch: 64.79515194892883s
***********
Epoch   16, Train AUC: 0.82522, Train Loss: 0.52946
Epoch   16, Test AUC: 0.81735, Test AUC Curr: 0.85223, Test Loss: 0.53798
time used for this epoch: 65.2662513256073s
***********
No improvement shown in 10 epochs. Quit Training.
The best testing result occured at: 5-th epoch, with testing AUC: 0.83835
*********************************
Epoch    1, Train AUC: 0.79572, Train Loss: 0.54746
Epoch    1, Test AUC: 0.80841, Test AUC Curr: 0.81009, Test Loss: 0.53867*
w_l1: 0.024372233711935698, w_l2: 0.04583275398882686
m1: -0.01449671772428884, m2: -0.004987897023281462. Saving the model
time used for this epoch: 93.00216674804688s
***********
Epoch    2, Train AUC: 0.83411, Train Loss: 0.50309
Epoch    2, Test AUC: 0.82181, Test AUC Curr: 0.84525, Test Loss: 0.51789*
w_l1: 0.03567609614416241, w_l2: 0.05610842662469362
m1: -0.006610138584974471, m2: -0.005865785990244581. Saving the model
time used for this epoch: 88.05672955513s
***********
Epoch    3, Train AUC: 0.84657, Train Loss: 0.48504
Epoch    3, Test AUC: 0.8301, Test AUC Curr: 0.87807, Test Loss: 0.50702*
w_l1: 0.04154587784222344, w_l2: 0.06274453080601439
m1: 0.0512855579868709, m2: 0.007445777487213554. Saving the model
time used for this epoch: 88.01306319236755s
***********
Epoch    4, Train AUC: 0.85706, Train Loss: 0.46982
Epoch    4, Test AUC: 0.83401, Test AUC Curr: 0.89773, Test Loss: 0.50307*
w_l1: 0.051605241118031914, w_l2: 0.0742662435763388
m1: 0.09951677607585704, m2: 0.016318400653335927. Saving the model
time used for this epoch: 89.19475960731506s
***********
Epoch    5, Train AUC: 0.86588, Train Loss: 0.4552
Epoch    5, Test AUC: 0.83525, Test AUC Curr: 0.90635, Test Loss: 0.50567*
w_l1: 0.05916464227992494, w_l2: 0.0849557600953006
m1: 0.1475884390955507, m2: 0.027252409906744043. Saving the model
time used for this epoch: 90.26589560508728s
***********
Epoch    6, Train AUC: 0.87534, Train Loss: 0.44053
Epoch    6, Test AUC: 0.83664, Test AUC Curr: 0.9101, Test Loss: 0.51128*
w_l1: 0.06510483493937942, w_l2: 0.09392348352613987
m1: 0.16085430342815463, m2: 0.0350581288784688. Saving the model
time used for this epoch: 89.99323296546936s
***********
Epoch    7, Train AUC: 0.88481, Train Loss: 0.42533
Epoch    7, Test AUC: 0.83354, Test AUC Curr: 0.91557, Test Loss: 0.51529
time used for this epoch: 65.59046626091003s
***********
Epoch    8, Train AUC: 0.89399, Train Loss: 0.40924
Epoch    8, Test AUC: 0.83307, Test AUC Curr: 0.91425, Test Loss: 0.52601
time used for this epoch: 63.68065333366394s
***********
Epoch    9, Train AUC: 0.90107, Train Loss: 0.39635
Epoch    9, Test AUC: 0.82929, Test AUC Curr: 0.91317, Test Loss: 0.52796
time used for this epoch: 65.7140302658081s
***********
Epoch   10, Train AUC: 0.90612, Train Loss: 0.38642
Epoch   10, Test AUC: 0.82787, Test AUC Curr: 0.91206, Test Loss: 0.5315
time used for this epoch: 63.67586588859558s
***********
Epoch   11, Train AUC: 0.9129, Train Loss: 0.37318
Epoch   11, Test AUC: 0.82713, Test AUC Curr: 0.90767, Test Loss: 0.54645
time used for this epoch: 69.61232948303223s
***********
Epoch   12, Train AUC: 0.92156, Train Loss: 0.35676
Epoch   12, Test AUC: 0.82388, Test AUC Curr: 0.90295, Test Loss: 0.56447
time used for this epoch: 64.00275921821594s
***********
Epoch   13, Train AUC: 0.92596, Train Loss: 0.34547
Epoch   13, Test AUC: 0.82454, Test AUC Curr: 0.9009, Test Loss: 0.57236
time used for this epoch: 65.87258791923523s
***********
Epoch   14, Train AUC: 0.93079, Train Loss: 0.33545
Epoch   14, Test AUC: 0.821, Test AUC Curr: 0.89895, Test Loss: 0.57856
time used for this epoch: 62.80280113220215s
***********
Epoch   15, Train AUC: 0.91624, Train Loss: 0.36675
Epoch   15, Test AUC: 0.823, Test AUC Curr: 0.90378, Test Loss: 0.54706
time used for this epoch: 66.75322890281677s
***********
Epoch   16, Train AUC: 0.91865, Train Loss: 0.36136
Epoch   16, Test AUC: 0.82342, Test AUC Curr: 0.9009, Test Loss: 0.56793
time used for this epoch: 63.52967405319214s
***********
No improvement shown in 10 epochs. Quit Training.
The best testing result occured at: 5-th epoch, with testing AUC: 0.83664
*********************************
Epoch    1, Train AUC: 0.79492, Train Loss: 0.54865
Epoch    1, Test AUC: 0.81158, Test AUC Curr: 0.81371, Test Loss: 0.53063*
w_l1: 0.024951857959384552, w_l2: 0.04679279795407894
m1: -0.007567469000729394, m2: -0.004858241069390772. Saving the model
time used for this epoch: 84.20896363258362s
***********
Epoch    2, Train AUC: 0.83306, Train Loss: 0.50505
Epoch    2, Test AUC: 0.82225, Test AUC Curr: 0.84158, Test Loss: 0.51923*
w_l1: 0.03751428941441461, w_l2: 0.058970997926940466
m1: -0.015408460977388768, m2: -0.004951090958135177. Saving the model
time used for this epoch: 86.67222952842712s
***********
Epoch    3, Train AUC: 0.84589, Train Loss: 0.48505
Epoch    3, Test AUC: 0.82852, Test AUC Curr: 0.86751, Test Loss: 0.51184*
w_l1: 0.03658568216770313, w_l2: 0.05879965179779823
m1: 0.055206053975200585, m2: 0.005880243691087943. Saving the model
time used for this epoch: 90.04930090904236s
***********
Epoch    4, Train AUC: 0.85578, Train Loss: 0.47129
Epoch    4, Test AUC: 0.8342, Test AUC Curr: 0.89271, Test Loss: 0.50361*
w_l1: 0.04924855088001864, w_l2: 0.07316743050348491
m1: 0.10371079504011671, m2: 0.014229996360153678. Saving the model
time used for this epoch: 86.73930287361145s
***********
Epoch    5, Train AUC: 0.86404, Train Loss: 0.45864
Epoch    5, Test AUC: 0.83498, Test AUC Curr: 0.90314, Test Loss: 0.50523*
w_l1: 0.05897577794156251, w_l2: 0.08468794408908609
m1: 0.14542304886943835, m2: 0.02388178675288075. Saving the model
time used for this epoch: 85.92891573905945s
***********
Epoch    6, Train AUC: 0.87374, Train Loss: 0.44325
Epoch    6, Test AUC: 0.83729, Test AUC Curr: 0.91037, Test Loss: 0.50553*
w_l1: 0.06823774486132624, w_l2: 0.09679263559084982
m1: 0.17218271334792123, m2: 0.030880135837276647. Saving the model
time used for this epoch: 87.32089447975159s
***********
Epoch    7, Train AUC: 0.88313, Train Loss: 0.42852
Epoch    7, Test AUC: 0.83581, Test AUC Curr: 0.91206, Test Loss: 0.50962
time used for this epoch: 62.832783699035645s
***********
Epoch    8, Train AUC: 0.89104, Train Loss: 0.41398
Epoch    8, Test AUC: 0.83637, Test AUC Curr: 0.91325, Test Loss: 0.51792
time used for this epoch: 62.998146057128906s
***********
Epoch    9, Train AUC: 0.89894, Train Loss: 0.40043
Epoch    9, Test AUC: 0.83162, Test AUC Curr: 0.91019, Test Loss: 0.52966
time used for this epoch: 63.061809062957764s
***********
Epoch   10, Train AUC: 0.90602, Train Loss: 0.38795
Epoch   10, Test AUC: 0.83058, Test AUC Curr: 0.9091, Test Loss: 0.53396
time used for this epoch: 63.02605080604553s
***********
Epoch   11, Train AUC: 0.91089, Train Loss: 0.37827
Epoch   11, Test AUC: 0.82908, Test AUC Curr: 0.9053, Test Loss: 0.54157
time used for this epoch: 63.35468792915344s
***********
Epoch   12, Train AUC: 0.91913, Train Loss: 0.36078
Epoch   12, Test AUC: 0.82734, Test AUC Curr: 0.90419, Test Loss: 0.55478
time used for this epoch: 65.56533479690552s
***********
Epoch   13, Train AUC: 0.92086, Train Loss: 0.35761
Epoch   13, Test AUC: 0.82636, Test AUC Curr: 0.90259, Test Loss: 0.55898
time used for this epoch: 62.68434715270996s
***********
Epoch   14, Train AUC: 0.89367, Train Loss: 0.41082
Epoch   14, Test AUC: 0.81076, Test AUC Curr: 0.8773, Test Loss: 0.5702
time used for this epoch: 65.00632572174072s
***********
Epoch   15, Train AUC: 0.86558, Train Loss: 0.46168
Epoch   15, Test AUC: 0.81055, Test AUC Curr: 0.86003, Test Loss: 0.55344
time used for this epoch: 63.46477913856506s
***********
Epoch   16, Train AUC: 0.85582, Train Loss: 0.47597
Epoch   16, Test AUC: 0.82451, Test AUC Curr: 0.88945, Test Loss: 0.52761
time used for this epoch: 62.25263333320618s
***********
No improvement shown in 10 epochs. Quit Training.
The best testing result occured at: 5-th epoch, with testing AUC: 0.83729
*********************************
Epoch    1, Train AUC: 0.79529, Train Loss: 0.54917
Epoch    1, Test AUC: 0.81031, Test AUC Curr: 0.81181, Test Loss: 0.5336*
w_l1: 0.02303611570097773, w_l2: 0.04620946245151238
m1: -0.02147155361050328, m2: -0.004857735698166379. Saving the model
time used for this epoch: 87.060378074646s
***********
Epoch    2, Train AUC: 0.8349, Train Loss: 0.50236
Epoch    2, Test AUC: 0.82199, Test AUC Curr: 0.84298, Test Loss: 0.51845*
w_l1: 0.03126934463887946, w_l2: 0.05225588224036057
m1: -0.012696024799416485, m2: -0.005860465249952871. Saving the model
time used for this epoch: 90.71391367912292s
***********
Epoch    3, Train AUC: 0.84735, Train Loss: 0.48429
Epoch    3, Test AUC: 0.83045, Test AUC Curr: 0.87272, Test Loss: 0.51083*
w_l1: 0.04183672539233081, w_l2: 0.0643883706151297
m1: 0.045062910284463895, m2: 0.006762349626890375. Saving the model
time used for this epoch: 89.22082662582397s
***********
Epoch    4, Train AUC: 0.85749, Train Loss: 0.46894
Epoch    4, Test AUC: 0.83246, Test AUC Curr: 0.88839, Test Loss: 0.50563*
w_l1: 0.04661582802903971, w_l2: 0.06923119221919585
m1: 0.10826951130561634, m2: 0.014455366101901214. Saving the model
time used for this epoch: 86.65330076217651s
***********
Epoch    5, Train AUC: 0.86618, Train Loss: 0.45531
Epoch    5, Test AUC: 0.83192, Test AUC Curr: 0.90746, Test Loss: 0.50805
time used for this epoch: 64.38359761238098s
***********
Epoch    6, Train AUC: 0.87464, Train Loss: 0.44144
Epoch    6, Test AUC: 0.8364, Test AUC Curr: 0.91147, Test Loss: 0.50583*
w_l1: 0.06698545032566827, w_l2: 0.09478424708803189
m1: 0.17063274981765134, m2: 0.031765946699951704. Saving the model
time used for this epoch: 88.60603523254395s
***********
Epoch    7, Train AUC: 0.88498, Train Loss: 0.42582
Epoch    7, Test AUC: 0.83619, Test AUC Curr: 0.91529, Test Loss: 0.50947
time used for this epoch: 66.02066731452942s
***********
Epoch    8, Train AUC: 0.89138, Train Loss: 0.41471
Epoch    8, Test AUC: 0.83589, Test AUC Curr: 0.91053, Test Loss: 0.50776
time used for this epoch: 65.57676863670349s
***********
Epoch    9, Train AUC: 0.89299, Train Loss: 0.4122
Epoch    9, Test AUC: 0.83514, Test AUC Curr: 0.90984, Test Loss: 0.52047
time used for this epoch: 65.48964214324951s
***********
Epoch   10, Train AUC: 0.90334, Train Loss: 0.39224
Epoch   10, Test AUC: 0.8322, Test AUC Curr: 0.91079, Test Loss: 0.52692
time used for this epoch: 64.14101457595825s
***********
Epoch   11, Train AUC: 0.89695, Train Loss: 0.40358
Epoch   11, Test AUC: 0.82733, Test AUC Curr: 0.90559, Test Loss: 0.53062
time used for this epoch: 64.6876425743103s
***********
Epoch   12, Train AUC: 0.89933, Train Loss: 0.39961
Epoch   12, Test AUC: 0.81712, Test AUC Curr: 0.87652, Test Loss: 0.57839
time used for this epoch: 65.23643112182617s
***********
Epoch   13, Train AUC: 0.85166, Train Loss: 0.48761
Epoch   13, Test AUC: 0.83041, Test AUC Curr: 0.89524, Test Loss: 0.52291
time used for this epoch: 63.07228326797485s
***********
Epoch   14, Train AUC: 0.86898, Train Loss: 0.45371
Epoch   14, Test AUC: 0.83068, Test AUC Curr: 0.89725, Test Loss: 0.52572
time used for this epoch: 65.79611444473267s
***********
Epoch   15, Train AUC: 0.87921, Train Loss: 0.4352
Epoch   15, Test AUC: 0.83363, Test AUC Curr: 0.90486, Test Loss: 0.52099
time used for this epoch: 65.0221619606018s
***********
Epoch   16, Train AUC: 0.89869, Train Loss: 0.40059
Epoch   16, Test AUC: 0.83303, Test AUC Curr: 0.90559, Test Loss: 0.53053
time used for this epoch: 61.103620767593384s
***********
No improvement shown in 10 epochs. Quit Training.
The best testing result occured at: 5-th epoch, with testing AUC: 0.8364
*********************************
Epoch    1, Train AUC: 0.79627, Train Loss: 0.54596
Epoch    1, Test AUC: 0.81218, Test AUC Curr: 0.81308, Test Loss: 0.52952*
w_l1: 0.025754799598946866, w_l2: 0.047850272988413704
m1: -0.012445295404814004, m2: -0.005946949214683363. Saving the model
time used for this epoch: 84.48304343223572s
***********
Epoch    2, Train AUC: 0.83751, Train Loss: 0.4977
Epoch    2, Test AUC: 0.82389, Test AUC Curr: 0.84779, Test Loss: 0.51551*
w_l1: 0.029401069773011462, w_l2: 0.049866298617130114
m1: 0.00863876732312181, m2: -0.0025491435338901307. Saving the model
time used for this epoch: 88.7450909614563s
***********
Epoch    3, Train AUC: 0.84889, Train Loss: 0.48257
Epoch    3, Test AUC: 0.83141, Test AUC Curr: 0.87423, Test Loss: 0.50748*
w_l1: 0.03835131783794095, w_l2: 0.0603005948433676
m1: 0.07574307075127644, m2: 0.007986453435173834. Saving the model
time used for this epoch: 88.85174536705017s
***********
Epoch    4, Train AUC: 0.85938, Train Loss: 0.46571
Epoch    4, Test AUC: 0.83233, Test AUC Curr: 0.89365, Test Loss: 0.50861*
w_l1: 0.049189746103193294, w_l2: 0.07289948815339589
m1: 0.12133023340627279, m2: 0.019211056256390982. Saving the model
time used for this epoch: 90.34596848487854s
***********
Epoch    5, Train AUC: 0.86835, Train Loss: 0.4526
Epoch    5, Test AUC: 0.83633, Test AUC Curr: 0.90721, Test Loss: 0.50598*
w_l1: 0.05720134093322692, w_l2: 0.08306368723898623
m1: 0.15358315098468273, m2: 0.02849760940223715. Saving the model
time used for this epoch: 85.36179566383362s
***********
Epoch    6, Train AUC: 0.87786, Train Loss: 0.43628
Epoch    6, Test AUC: 0.83757, Test AUC Curr: 0.91412, Test Loss: 0.50558*
w_l1: 0.06936748665533923, w_l2: 0.09808405829826602
m1: 0.1850838803792852, m2: 0.035611732369716764. Saving the model
time used for this epoch: 89.40913343429565s
***********
Epoch    7, Train AUC: 0.88654, Train Loss: 0.42201
Epoch    7, Test AUC: 0.83609, Test AUC Curr: 0.91401, Test Loss: 0.51194
time used for this epoch: 63.096208333969116s
***********
Epoch    8, Train AUC: 0.8962, Train Loss: 0.40581
Epoch    8, Test AUC: 0.83379, Test AUC Curr: 0.91325, Test Loss: 0.52082
time used for this epoch: 59.99594473838806s
***********
Epoch    9, Train AUC: 0.90184, Train Loss: 0.39589
Epoch    9, Test AUC: 0.83116, Test AUC Curr: 0.91144, Test Loss: 0.52659
time used for this epoch: 65.8873724937439s
***********
Epoch   10, Train AUC: 0.90653, Train Loss: 0.38655
Epoch   10, Test AUC: 0.83017, Test AUC Curr: 0.90913, Test Loss: 0.53547
time used for this epoch: 68.01351308822632s
***********
Epoch   11, Train AUC: 0.9118, Train Loss: 0.37554
Epoch   11, Test AUC: 0.82969, Test AUC Curr: 0.90666, Test Loss: 0.54524
time used for this epoch: 62.589614391326904s
***********
Epoch   12, Train AUC: 0.92075, Train Loss: 0.35743
Epoch   12, Test AUC: 0.82617, Test AUC Curr: 0.90466, Test Loss: 0.55706
time used for this epoch: 62.365888833999634s
***********
Epoch   13, Train AUC: 0.92336, Train Loss: 0.35156
Epoch   13, Test AUC: 0.82472, Test AUC Curr: 0.9028, Test Loss: 0.5592
time used for this epoch: 63.86710262298584s
***********
Epoch   14, Train AUC: 0.92436, Train Loss: 0.34934
Epoch   14, Test AUC: 0.82369, Test AUC Curr: 0.90171, Test Loss: 0.5579
time used for this epoch: 63.11477303504944s
***********
Epoch   15, Train AUC: 0.92723, Train Loss: 0.34353
Epoch   15, Test AUC: 0.823, Test AUC Curr: 0.90025, Test Loss: 0.56918
time used for this epoch: 64.27678942680359s
***********
Epoch   16, Train AUC: 0.93499, Train Loss: 0.32608
Epoch   16, Test AUC: 0.8218, Test AUC Curr: 0.8976, Test Loss: 0.58547
time used for this epoch: 62.46222448348999s
***********
No improvement shown in 10 epochs. Quit Training.
The best testing result occured at: 5-th epoch, with testing AUC: 0.83757
*********************************
average AUC for 5 runs: 0.837251596475576
average AUC Current for 5 runs: 0.9116687141696309
average waviness-l1 for 5 runs: 0.0674743394021761
average waviness-l2 for 5 runs: 0.09594455033491271
average consistency_m1 for 5 runs: 0.1721143326039387
average consistency_m1 for 5 runs: 0.03335557526628263
latex: 
cell_type & num. layer & layer_structure & learning rate & keep prob. & $\lambda_o$ & $\lambda_{w_1}$ & $\lambda_{w_2}$ & Avg. AUC(N) & Avg. AUC(C) & Avg. $w_1$ & Avg. $w_2$ & Avg. $m_1$ & Avg. $m_2$\\ 
LSTM & 1 & 200 & 0.0100 & 0.5000 & 0.0000 & 0.0000 & 0.0000 & 0.837251596475576 $\pm$ 0.0006926969868935774 & 0.9116687141696309 $\pm$ 0.0014570237871320032 & 0.0674743394021761 $\pm$ 0.0014185272690365811 & 0.09594455033491271 $\pm$ 0.001467331391277819 & 0.1721143326039387 $\pm$ 0.007710836446422388 & 0.03335557526628263 $\pm$ 0.001825100813339689\\ 

program run for: 5869.459828853607s
